<?xml version="1.0" encoding="UTF-8"?>
<beans xmlns="http://www.springframework.org/schema/beans"
    xmlns:xsi="http://www.w3.org/2001/XMLSchema-instance" 
    xmlns:context="http://www.springframework.org/schema/context"
    xmlns:mongo="http://www.springframework.org/schema/data/mongo"
    xsi:schemaLocation="http://www.springframework.org/schema/context
          http://www.springframework.org/schema/context/spring-context-3.0.xsd
          http://www.springframework.org/schema/data/mongo
          http://www.springframework.org/schema/data/mongo/spring-mongo-1.0.xsd
          http://www.springframework.org/schema/beans
          http://www.springframework.org/schema/beans/spring-beans-3.0.xsd">

 
    <!--
        alfresco-benchmark-bm-sample: [Project description]
     -->
         
    <!-- Import any application contexts for test runs -->
    <import resource="classpath:config/spring/test-common-context.xml" />
    
    <!--                 -->
    <!-- Reporting       -->
    <!--                 -->

    <!-- The CompletionEstimator looking at the number of processes performed -->
    <bean id="completionEstimator.processCount" class="org.alfresco.bm.test.EventCountCompletionEstimator">
        <constructor-arg name="eventService" ref="eventService" />
        <constructor-arg name="resultService" ref="resultService" />
        <constructor-arg name="eventName" value="start" />
        <constructor-arg name="eventCount" value="1" />
    </bean>

    <!-- Override the default estimator to use the desired estimators -->
    <bean id="completionEstimator" class="org.alfresco.bm.test.CompoundCompletionEstimator">
        <constructor-arg name="eventService" ref="eventService" />
        <constructor-arg name="resultService" ref="resultService" />
        <constructor-arg name="estimators">
            <list>
                <ref bean="completionEstimator.elapsedTime" />
                <ref bean="completionEstimator.processCount" />
            </list>
        </constructor-arg>
    </bean>

    <!--                 -->
    <!-- Data Services   -->
    <!--                 -->
    
    <bean id="userDataService" class="org.alfresco.bm.user.UserDataServiceImpl">
        <constructor-arg name="db" ref="testMongoDB" />
        <constructor-arg name="collection" value="${users.collectionName}" />
    </bean>

    <!--                 -->
    <!-- EventProcessors -->
    <!--                 -->
    
    <!-- Start by ensuring that we have some users to work with. -->
    <bean id="event.start" class="org.alfresco.bm.user.CheckUserCountEventProcessor" parent="event.base" >
        <constructor-arg name="userDataService" ref="userDataService" />
        <constructor-arg name="userCount" value="${load.minUsers}" />
        <property name="eventNameUsersReady" value="cmis.createSessions"/>
        <property name="chart" value="false" />
    </bean>

    <!-- Create (and repeatedly run) session start events. -->
    <bean id="event.cmis.createSessions" class="org.alfresco.bm.user.GenerateUserSessionsEventProcessor" parent="event.base" >
        <constructor-arg name="userDataService" ref="userDataService" />
        <constructor-arg name="outputEventName" value="cmis.startSession" />
        <constructor-arg name="timeBetweenEvents" value="${load.sessionDelay}" />
        <constructor-arg name="outputEventCount" value="${load.sessionCount}" />
        <property name="eventNameRaiseEvents" value="cmis.createSessions" />
        <property name="batchSize" value="${load.sessionBatchSize}" />
        <property name="chart" value="false"/>
    </bean>
    
    <bean id="event.cmis.startSession" class="org.alfresco.bm.event.DoNothingEventProcessor" parent="event.base" >
        <property name="chart" value="true" />
    </bean>
    
</beans>